<?xml version="1.0" encoding="UTF-8"?>
<!-- Generated by org.testng.reporters.JUnitReportReporter -->
<testsuite skipped="0" hostname="LAPTOP-5V84SBQS" name="com.qa.test.LoginTest" tests="1" failures="0" timestamp="08 Nov 2020 05:44:31 GMT" time="38.366" errors="0">
  <testcase name="testLoginByProp" time="38.366" classname="com.qa.test.LoginTest"/>
</testsuite> <!-- com.qa.test.LoginTest -->
