<?xml version="1.0" encoding="UTF-8"?>
<!-- Generated by org.testng.reporters.JUnitReportReporter -->
<testsuite skipped="0" hostname="LAPTOP-5V84SBQS" name="com.qa.test.LoginTest" tests="1" failures="0" timestamp="08 Nov 2020 06:26:04 GMT" time="27.506" errors="0">
  <testcase name="testLoginByProp" time="27.506" classname="com.qa.test.LoginTest"/>
</testsuite> <!-- com.qa.test.LoginTest -->
