<?xml version="1.0" encoding="UTF-8"?>
<!-- Generated by org.testng.reporters.JUnitReportReporter -->
<testsuite skipped="0" hostname="LAPTOP-5V84SBQS" name="com.qa.test.LoginTest" tests="1" failures="0" timestamp="01 Nov 2020 05:52:48 GMT" time="29.068" errors="0">
  <testcase name="testLoginByProp" time="29.068" classname="com.qa.test.LoginTest"/>
</testsuite> <!-- com.qa.test.LoginTest -->
